SF:lib\cliente\domain\models\cliente.dart
DA:8,4
DA:15,1
DA:21,1
DA:22,1
DA:23,1
DA:24,1
DA:25,1
DA:29,2
DA:30,2
DA:31,2
DA:32,2
DA:33,2
DA:34,2
DA:38,2
DA:39,2
DA:40,4
DA:41,2
DA:42,2
DA:43,2
DA:47,3
DA:49,3
DA:51,2
DA:53,10
DA:56,2
DA:60,4
DA:63,1
DA:65,11
LF:27
LH:27
end_of_record
SF:lib\pedido\domain\models\pedido.dart
DA:10,3
DA:16,1
DA:21,1
DA:22,1
DA:23,1
DA:24,1
DA:28,1
DA:29,1
DA:30,1
DA:31,2
DA:32,5
DA:36,1
DA:37,1
DA:38,2
DA:39,2
DA:40,5
DA:44,3
DA:46,3
DA:48,1
DA:49,4
DA:51,1
DA:55,10
DA:58,1
DA:60,13
DA:62,2
DA:63,4
DA:66,1
DA:67,10
LF:28
LH:28
end_of_record
SF:lib\pedido\relacionados\item_pedido\domain\models\item_pedido.dart
DA:10,3
DA:17,0
DA:23,0
DA:24,0
DA:25,0
DA:26,0
DA:27,0
DA:31,1
DA:32,1
DA:33,1
DA:34,1
DA:35,2
DA:36,1
DA:40,1
DA:41,1
DA:42,2
DA:43,2
DA:44,2
DA:45,2
DA:49,0
DA:51,0
DA:53,1
DA:55,5
DA:58,0
DA:62,0
DA:63,0
DA:64,0
DA:65,0
DA:66,0
DA:69,1
DA:71,11
LF:31
LH:17
end_of_record
SF:lib\produto\domain\models\produto.dart
DA:8,3
DA:15,0
DA:21,0
DA:22,0
DA:23,0
DA:24,0
DA:25,0
DA:29,1
DA:30,1
DA:31,1
DA:32,1
DA:33,1
DA:34,1
DA:38,1
DA:39,1
DA:40,2
DA:41,1
DA:42,1
DA:43,1
DA:47,0
DA:49,0
DA:51,1
DA:53,5
DA:56,0
DA:60,0
DA:61,0
DA:62,0
DA:63,0
DA:64,0
DA:67,1
DA:69,11
LF:31
LH:17
end_of_record
SF:lib\main\infra\ui\widgets\botao.dart
DA:8,2
DA:14,2
DA:16,2
DA:18,2
DA:19,2
DA:20,4
LF:6
LH:6
end_of_record
SF:lib\cliente\infra\repositories\cliente_repository_mock.dart
DA:11,1
DA:13,1
LF:2
LH:2
end_of_record
SF:lib\main\application\impl\utils_service.dart
DA:5,1
DA:7,1
DA:9,2
DA:13,1
DA:15,1
LF:5
LH:5
end_of_record
SF:lib\main\infra\repositories\external_configs_repository_dotenv.dart
DA:10,1
DA:12,1
DA:15,3
DA:16,5
LF:4
LH:4
end_of_record
SF:lib\pedido\infra\repositories\pedido_repository_mock.dart
DA:7,1
DA:9,1
LF:2
LH:2
end_of_record
SF:lib\produto\infra\repositories\produto_repository_mock.dart
DA:18,1
DA:20,1
LF:2
LH:2
end_of_record
SF:lib\main\infra\ui\widgets\wrap_material.dart
DA:14,4
DA:19,4
DA:22,4
DA:24,4
DA:25,4
DA:26,6
DA:28,4
DA:30,4
DA:31,4
LF:9
LH:9
end_of_record
SF:lib\main\infra\ui\pages\home_page.dart
DA:19,5
DA:21,1
DA:22,1
DA:30,3
DA:32,1
DA:34,1
DA:35,1
DA:37,1
DA:38,1
DA:41,1
DA:43,1
DA:49,1
DA:50,2
DA:51,1
DA:52,2
DA:55,1
DA:57,1
DA:58,1
DA:60,1
DA:61,1
DA:64,3
DA:66,1
DA:69,3
DA:71,1
DA:74,1
DA:76,1
DA:87,1
DA:90,2
DA:95,1
DA:97,3
DA:98,5
DA:99,4
DA:100,1
DA:103,3
LF:34
LH:34
end_of_record
SF:lib\main\infra\ui\pages\page_1.dart
DA:5,6
DA:7,2
DA:9,2
DA:10,2
LF:4
LH:4
end_of_record
SF:lib\main\infra\ui\pages\page_2.dart
DA:7,6
DA:12,2
DA:14,2
DA:15,2
DA:16,2
DA:17,8
LF:6
LH:6
end_of_record
SF:lib\pedido\infra\ui\pages\capa_pedido_page.dart
DA:14,5
DA:16,1
DA:17,1
DA:28,1
DA:30,3
DA:31,1
DA:34,1
DA:36,2
DA:37,1
DA:38,1
DA:39,1
DA:41,1
DA:42,1
DA:46,2
DA:50,2
DA:53,1
DA:55,1
DA:56,1
DA:57,6
DA:58,5
DA:65,1
DA:68,3
LF:22
LH:22
end_of_record
SF:lib\pedido\infra\ui\providers\pedido_provider.dart
DA:9,4
DA:11,2
DA:12,2
DA:13,2
DA:16,2
DA:17,2
DA:18,4
DA:19,2
DA:21,1
LF:9
LH:9
end_of_record
SF:lib\pedido\infra\ui\pages\catalogo_produtos_page.dart
DA:11,5
DA:13,1
DA:14,1
DA:20,1
DA:22,3
DA:24,1
DA:25,1
DA:27,1
DA:28,1
DA:31,2
DA:35,1
DA:37,3
DA:38,4
DA:40,1
DA:42,1
DA:47,1
DA:48,2
DA:49,2
DA:50,1
DA:52,2
DA:53,4
LF:21
LH:21
end_of_record
SF:lib\pedido\infra\ui\widgets\dropdown_selecao_cliente.dart
DA:8,1
DA:10,1
DA:11,1
DA:17,1
DA:19,4
DA:20,1
DA:23,1
DA:25,1
DA:27,1
DA:28,1
DA:30,1
DA:31,3
DA:32,1
DA:33,0
DA:34,0
DA:35,0
DA:36,0
DA:39,4
DA:40,1
DA:42,2
DA:44,1
LF:21
LH:17
end_of_record
SF:lib\pedido\infra\ui\widgets\lista_itens_pedido.dart
DA:5,1
DA:8,1
DA:12,1
DA:14,3
DA:15,1
DA:16,1
DA:17,1
DA:18,1
DA:20,3
DA:21,6
DA:22,6
DA:24,1
LF:12
LH:12
end_of_record
SF:lib\pedido\infra\ui\widgets\produto_tile.dart
DA:12,1
DA:14,1
DA:15,1
DA:21,1
DA:23,3
DA:24,1
DA:28,1
DA:30,3
DA:31,1
DA:32,1
DA:33,1
DA:34,1
DA:36,1
DA:37,4
DA:38,6
DA:41,1
DA:43,1
DA:44,1
DA:46,1
DA:47,2
DA:48,3
DA:54,1
DA:56,1
DA:57,1
DA:58,1
DA:60,1
DA:61,2
DA:62,1
DA:63,2
DA:64,2
DA:65,2
DA:66,4
DA:73,1
DA:75,1
DA:76,2
DA:78,1
DA:79,2
DA:80,2
DA:81,4
DA:94,1
DA:95,4
DA:96,4
DA:97,1
DA:99,1
DA:100,4
DA:103,2
DA:107,2
DA:111,1
DA:112,4
DA:113,4
DA:114,1
DA:115,1
DA:116,2
DA:117,1
DA:118,0
LF:55
LH:54
end_of_record
