SF:lib\main\infra\ui\pages\page_1.dart
DA:5,5
DA:7,2
DA:9,2
DA:10,2
LF:4
LH:4
end_of_record
SF:lib\main\infra\ui\widgets\botao.dart
DA:8,2
DA:14,2
DA:16,2
DA:18,2
DA:19,2
DA:20,4
LF:6
LH:6
end_of_record
SF:lib\main\application\impl\utils.dart
DA:5,1
DA:7,1
DA:9,2
LF:3
LH:3
end_of_record
SF:lib\main\infra\repositories\external_configs_repository_dotenv.dart
DA:11,1
DA:13,1
DA:16,3
DA:17,5
DA:24,0
DA:27,0
LF:6
LH:4
end_of_record
SF:lib\main\infra\ui\widgets\wrap_material.dart
DA:12,4
DA:17,4
DA:20,4
DA:22,4
DA:24,4
DA:25,4
LF:6
LH:6
end_of_record
SF:lib\cliente\domain\models\cliente.dart
DA:8,0
DA:15,0
DA:21,0
DA:22,0
DA:23,0
DA:24,0
DA:25,0
DA:29,0
DA:30,0
DA:31,0
DA:32,0
DA:33,0
DA:34,0
DA:38,0
DA:39,0
DA:40,0
DA:41,0
DA:42,0
DA:43,0
DA:47,0
DA:49,0
DA:51,0
DA:53,0
DA:56,0
DA:60,0
DA:61,0
DA:62,0
DA:63,0
DA:64,0
DA:67,0
DA:69,0
LF:31
LH:0
end_of_record
SF:lib\main\infra\ui\pages\home_page.dart
DA:13,4
DA:15,1
DA:16,1
DA:24,1
DA:26,1
DA:27,1
DA:29,1
DA:30,1
DA:33,1
DA:37,1
DA:38,2
DA:39,1
DA:40,2
DA:43,1
DA:45,1
DA:46,1
DA:48,1
DA:49,1
DA:52,3
DA:54,1
DA:57,3
DA:59,1
DA:62,1
DA:70,1
DA:72,0
LF:25
LH:24
end_of_record
SF:lib\main\infra\ui\pages\page_2.dart
DA:7,5
DA:12,2
DA:14,2
DA:15,2
DA:16,2
DA:17,8
LF:6
LH:6
end_of_record
SF:lib\pedido\infra\ui\pages\capa_pedido.dart
DA:7,4
DA:9,0
DA:11,0
DA:12,0
DA:13,0
DA:14,0
DA:16,0
DA:17,0
DA:18,0
DA:19,0
DA:30,0
DA:32,0
DA:33,0
DA:39,0
DA:41,0
DA:42,0
DA:45,0
DA:47,0
DA:49,0
DA:50,0
DA:52,0
DA:53,0
DA:54,0
DA:55,0
DA:56,0
DA:58,0
DA:59,0
DA:60,0
DA:61,0
DA:63,0
LF:30
LH:1
end_of_record
